This is TeX, Version 3.1415926 (TeX Live 2012/Debian) (format=tex 2015.3.23)  23 MAR 2015 16:29
**fithesis.ins
(./fithesis.ins (/usr/share/texlive/texmf-dist/tex/latex/base/docstrip.tex
\blockLevel=\count26
\emptyLines=\count27
\processedLines=\count28
\commentsRemoved=\count29
\commentsPassed=\count30
\codeLinesPassed=\count31
\TotalprocessedLines=\count32
\TotalcommentsRemoved=\count33
\TotalcommentsPassed=\count34
\TotalcodeLinesPassed=\count35
\NumberOfFiles=\count36
\inFile=\read0
\inputcheck=\read1
\@tempcnta=\count37
\off@0=\count38
\off@1=\count39
\off@2=\count40
\off@3=\count41
\off@4=\count42
\off@5=\count43
\off@6=\count44
\off@7=\count45
\off@8=\count46
\off@9=\count47
\off@10=\count48
\off@11=\count49
\off@12=\count50
\off@13=\count51
\off@14=\count52
\off@15=\count53
\@temptokena=\toks12
\@maxfiles=\count54
\@maxoutfiles=\count55

Utility: `docstrip' 2.5d <2005/07/29>
English documentation    <1999/03/31>

**********************************************************
* This program converts documented macro-files into fast *
* loadable files by stripping off (nearly) all comments! *
**********************************************************

********************************************************
* No Configuration file found, using default settings. *
********************************************************

(./fithesis.ins
*** Generating the files ***

File fithesis2.cls already exists somewhere on the system.
Overwrite it if necessary? [y/n]
\answer=n
Not generating file fithesis2.cls


File fithesis.cls already exists somewhere on the system.
Overwrite it if necessary? [y/n]
\answer=n
Not generating file fithesis.cls


File fit10.clo already exists somewhere on the system.
Overwrite it if necessary? [y/n]
\answer=n
Not generating file fit10.clo


File fit11.clo already exists somewhere on the system.
Overwrite it if necessary? [y/n]
\answer=n
Not generating file fit11.clo


File fit12.clo already exists somewhere on the system.
Overwrite it if necessary? [y/n]
\answer=n
Not generating file fit12.clo

***********************************************************
*
* To finish the installation you have to move the following
* files into a directory searched by TeX:
*
*   fithesis.cls
*   fithesis2.cls
*   fit10.clo
*   fit11.clo
*   fit12.clo
*
* To overwrite old fithesis.cls, also install
*   fithesis.cls
* To produce the documentation run the files ending with
* `.dtx' through LaTeX (or pdfLaTeX).
*
* Happy TeXing
***********************************************************
)

****************************************************
* First type the extension of your input file(s):  *
\infileext=n
****************************************************

****************************************************
* Now type the extension of your output file(s)  : *
\outfileext=
****************************************************

****************************************************
* Now type the name(s) of option(s) to include   : *
\Options=
****************************************************

****************************************************
* Finally give the list of input file(s) without   *
* extension seperated by commas if necessary     : *
\filelist=
****************************************************

More files to process (y/n)?
\answer=
 ) )
No pages of output.
